Network elastic-pan_default  Creating
Network elastic-pan_default  Created
Container elastic-pan-setup-1  Creating
Container elastic-pan-setup-1  Created
Container elastic-pan-es01-1  Creating
Container elastic-pan-es01-1  Created
Container elastic-pan-es02-1  Creating
Container elastic-pan-es02-1  Created
Container elastic-pan-es03-1  Creating
Container elastic-pan-es03-1  Created
Container elastic-pan-kibana-1  Creating
Container elastic-pan-kibana-1  Created
Container elastic-pan-setup-1  Starting
Container elastic-pan-setup-1  Started
Container elastic-pan-setup-1  Waiting
Container elastic-pan-setup-1  Healthy
Container elastic-pan-es01-1  Starting
Container elastic-pan-es01-1  Started
Container elastic-pan-es02-1  Starting
Container elastic-pan-es02-1  Started
Container elastic-pan-es03-1  Starting
Container elastic-pan-es03-1  Started
Container elastic-pan-es02-1  Waiting
Container elastic-pan-es03-1  Waiting
Container elastic-pan-es01-1  Waiting
Container elastic-pan-es02-1  Healthy
Container elastic-pan-es03-1  Healthy
Container elastic-pan-es01-1  Healthy
Container elastic-pan-kibana-1  Starting
Container elastic-pan-kibana-1  Started
